Determining if the pthread_create exist failed with the following output:
Change Dir: /home/joe/octagon/build/CMakeFiles/CMakeTmp

Run Build Command:"/usr/bin/make" "cmTC_a196a/fast"
/usr/bin/make -f CMakeFiles/cmTC_a196a.dir/build.make CMakeFiles/cmTC_a196a.dir/build
make[1]: Entering directory '/home/joe/octagon/build/CMakeFiles/CMakeTmp'
Building C object CMakeFiles/cmTC_a196a.dir/CheckSymbolExists.c.o
/usr/bin/cc    -o CMakeFiles/cmTC_a196a.dir/CheckSymbolExists.c.o   -c /home/joe/octagon/build/CMakeFiles/CMakeTmp/CheckSymbolExists.c
Linking C executable cmTC_a196a
/home/joe/cmake-install/bin/cmake -E cmake_link_script CMakeFiles/cmTC_a196a.dir/link.txt --verbose=1
/usr/bin/cc      -rdynamic CMakeFiles/cmTC_a196a.dir/CheckSymbolExists.c.o  -o cmTC_a196a 
CMakeFiles/cmTC_a196a.dir/CheckSymbolExists.c.o: In function `main':
CheckSymbolExists.c:(.text+0x16): undefined reference to `pthread_create'
collect2: error: ld returned 1 exit status
CMakeFiles/cmTC_a196a.dir/build.make:86: recipe for target 'cmTC_a196a' failed
make[1]: *** [cmTC_a196a] Error 1
make[1]: Leaving directory '/home/joe/octagon/build/CMakeFiles/CMakeTmp'
Makefile:121: recipe for target 'cmTC_a196a/fast' failed
make: *** [cmTC_a196a/fast] Error 2

File /home/joe/octagon/build/CMakeFiles/CMakeTmp/CheckSymbolExists.c:
/* */
#include <pthread.h>

int main(int argc, char** argv)
{
  (void)argv;
#ifndef pthread_create
  return ((int*)(&pthread_create))[argc];
#else
  (void)argc;
  return 0;
#endif
}

Determining if the function pthread_create exists in the pthreads failed with the following output:
Change Dir: /home/joe/octagon/build/CMakeFiles/CMakeTmp

Run Build Command:"/usr/bin/make" "cmTC_5ce67/fast"
/usr/bin/make -f CMakeFiles/cmTC_5ce67.dir/build.make CMakeFiles/cmTC_5ce67.dir/build
make[1]: Entering directory '/home/joe/octagon/build/CMakeFiles/CMakeTmp'
Building C object CMakeFiles/cmTC_5ce67.dir/CheckFunctionExists.c.o
/usr/bin/cc   -DCHECK_FUNCTION_EXISTS=pthread_create   -o CMakeFiles/cmTC_5ce67.dir/CheckFunctionExists.c.o   -c /home/joe/cmake-install/share/cmake-3.12/Modules/CheckFunctionExists.c
Linking C executable cmTC_5ce67
/home/joe/cmake-install/bin/cmake -E cmake_link_script CMakeFiles/cmTC_5ce67.dir/link.txt --verbose=1
/usr/bin/cc  -DCHECK_FUNCTION_EXISTS=pthread_create    -rdynamic CMakeFiles/cmTC_5ce67.dir/CheckFunctionExists.c.o  -o cmTC_5ce67 -lpthreads 
/usr/bin/ld: cannot find -lpthreads
collect2: error: ld returned 1 exit status
CMakeFiles/cmTC_5ce67.dir/build.make:86: recipe for target 'cmTC_5ce67' failed
make[1]: *** [cmTC_5ce67] Error 1
make[1]: Leaving directory '/home/joe/octagon/build/CMakeFiles/CMakeTmp'
Makefile:121: recipe for target 'cmTC_5ce67/fast' failed
make: *** [cmTC_5ce67/fast] Error 2


